{"C:\\Users\\Minnu Murali\\LocationFinder\\src\\components\\CurrentLoc.tsx": {"path":"C:\\Users\\Minnu Murali\\LocationFinder\\src\\components\\CurrentLoc.tsx","statementMap":{"0":{"start":{"line":8,"column":41},"end":{"line":29,"column":1}},"1":{"start":{"line":9,"column":2},"end":{"line":9,"column":34}},"2":{"start":{"line":9,"column":18},"end":{"line":9,"column":34}},"3":{"start":{"line":11,"column":20},"end":{"line":11,"column":40}},"4":{"start":{"line":13,"column":2},"end":{"line":28,"column":4}},"5":{"start":{"line":31,"column":15},"end":{"line":65,"column":2}}},"fnMap":{"0":{"name":"(anonymous_0)","decl":{"start":{"line":8,"column":41},"end":{"line":8,"column":42}},"loc":{"start":{"line":8,"column":55},"end":{"line":29,"column":1}},"line":8}},"branchMap":{"0":{"loc":{"start":{"line":9,"column":2},"end":{"line":9,"column":34}},"type":"if","locations":[{"start":{"line":9,"column":2},"end":{"line":9,"column":34}},{"start":{},"end":{}}],"line":9},"1":{"loc":{"start":{"line":17,"column":11},"end":{"line":17,"column":38}},"type":"binary-expr","locations":[{"start":{"line":17,"column":11},"end":{"line":17,"column":30}},{"start":{"line":17,"column":34},"end":{"line":17,"column":38}}],"line":17},"2":{"loc":{"start":{"line":18,"column":11},"end":{"line":18,"column":36}},"type":"binary-expr","locations":[{"start":{"line":18,"column":11},"end":{"line":18,"column":30}},{"start":{"line":18,"column":34},"end":{"line":18,"column":36}}],"line":18}},"s":{"0":1,"1":0,"2":0,"3":0,"4":0,"5":1},"f":{"0":0},"b":{"0":[0,0],"1":[0,0],"2":[0,0]},"_coverageSchema":"1a1c01bbd47fc00a2c39e90264f33305004495a9","hash":"a2d808497043a8784f3737c6d45bbc1fb1704dbe"}
,"C:\\Users\\Minnu Murali\\LocationFinder\\src\\components\\PreviousLoc.tsx": {"path":"C:\\Users\\Minnu Murali\\LocationFinder\\src\\components\\PreviousLoc.tsx","statementMap":{"0":{"start":{"line":11,"column":43},"end":{"line":38,"column":1}},"1":{"start":{"line":12,"column":2},"end":{"line":37,"column":4}},"2":{"start":{"line":16,"column":8},"end":{"line":34,"column":10}},"3":{"start":{"line":30,"column":29},"end":{"line":30,"column":46}},"4":{"start":{"line":40,"column":15},"end":{"line":66,"column":2}}},"fnMap":{"0":{"name":"(anonymous_0)","decl":{"start":{"line":11,"column":43},"end":{"line":11,"column":44}},"loc":{"start":{"line":11,"column":72},"end":{"line":38,"column":1}},"line":11},"1":{"name":"(anonymous_1)","decl":{"start":{"line":15,"column":18},"end":{"line":15,"column":19}},"loc":{"start":{"line":15,"column":39},"end":{"line":35,"column":7}},"line":15},"2":{"name":"(anonymous_2)","decl":{"start":{"line":30,"column":23},"end":{"line":30,"column":24}},"loc":{"start":{"line":30,"column":29},"end":{"line":30,"column":46}},"line":30}},"branchMap":{},"s":{"0":1,"1":0,"2":0,"3":0,"4":1},"f":{"0":0,"1":0,"2":0},"b":{},"_coverageSchema":"1a1c01bbd47fc00a2c39e90264f33305004495a9","hash":"407dff0d6ed931874925e886d08453b267c62704"}
,"C:\\Users\\Minnu Murali\\LocationFinder\\src\\components\\index.ts": {"path":"C:\\Users\\Minnu Murali\\LocationFinder\\src\\components\\index.ts","statementMap":{"0":{"start":{"line":4,"column":34},"end":{"line":21,"column":1}},"1":{"start":{"line":5,"column":4},"end":{"line":16,"column":5}},"2":{"start":{"line":6,"column":21},"end":{"line":6,"column":70}},"3":{"start":{"line":7,"column":8},"end":{"line":13,"column":9}},"4":{"start":{"line":8,"column":35},"end":{"line":8,"column":55}},"5":{"start":{"line":9,"column":12},"end":{"line":12,"column":13}},"6":{"start":{"line":15,"column":8},"end":{"line":15,"column":24}},"7":{"start":{"line":17,"column":4},"end":{"line":20,"column":5}},"8":{"start":{"line":23,"column":29},"end":{"line":43,"column":1}},"9":{"start":{"line":25,"column":17},"end":{"line":28,"column":5}},"10":{"start":{"line":30,"column":4},"end":{"line":38,"column":21}},"11":{"start":{"line":31,"column":21},"end":{"line":31,"column":70}},"12":{"start":{"line":32,"column":8},"end":{"line":37,"column":9}},"13":{"start":{"line":33,"column":12},"end":{"line":36,"column":13}},"14":{"start":{"line":39,"column":4},"end":{"line":42,"column":5}}},"fnMap":{"0":{"name":"(anonymous_0)","decl":{"start":{"line":4,"column":34},"end":{"line":4,"column":35}},"loc":{"start":{"line":4,"column":84},"end":{"line":21,"column":1}},"line":4},"1":{"name":"(anonymous_1)","decl":{"start":{"line":23,"column":29},"end":{"line":23,"column":30}},"loc":{"start":{"line":23,"column":67},"end":{"line":43,"column":1}},"line":23}},"branchMap":{"0":{"loc":{"start":{"line":7,"column":8},"end":{"line":13,"column":9}},"type":"if","locations":[{"start":{"line":7,"column":8},"end":{"line":13,"column":9}},{"start":{},"end":{}}],"line":7},"1":{"loc":{"start":{"line":11,"column":22},"end":{"line":11,"column":53}},"type":"binary-expr","locations":[{"start":{"line":11,"column":22},"end":{"line":11,"column":47}},{"start":{"line":11,"column":51},"end":{"line":11,"column":53}}],"line":11},"2":{"loc":{"start":{"line":32,"column":8},"end":{"line":37,"column":9}},"type":"if","locations":[{"start":{"line":32,"column":8},"end":{"line":37,"column":9}},{"start":{},"end":{}}],"line":32}},"s":{"0":1,"1":0,"2":0,"3":0,"4":0,"5":0,"6":0,"7":0,"8":1,"9":0,"10":0,"11":0,"12":0,"13":0,"14":0},"f":{"0":0,"1":0},"b":{"0":[0,0],"1":[0,0],"2":[0,0]},"_coverageSchema":"1a1c01bbd47fc00a2c39e90264f33305004495a9","hash":"3fc75cfc89dd663c465e69fb14e524d751bcd00e"}
,"C:\\Users\\Minnu Murali\\LocationFinder\\src\\context\\AppProvider.tsx": {"path":"C:\\Users\\Minnu Murali\\LocationFinder\\src\\context\\AppProvider.tsx","statementMap":{"0":{"start":{"line":4,"column":21},"end":{"line":7,"column":1}},"1":{"start":{"line":6,"column":18},"end":{"line":6,"column":27}},"2":{"start":{"line":9,"column":26},"end":{"line":9,"column":58}},"3":{"start":{"line":11,"column":37},"end":{"line":19,"column":1}},"4":{"start":{"line":12,"column":28},"end":{"line":12,"column":58}},"5":{"start":{"line":14,"column":2},"end":{"line":18,"column":4}}},"fnMap":{"0":{"name":"(anonymous_0)","decl":{"start":{"line":6,"column":12},"end":{"line":6,"column":13}},"loc":{"start":{"line":6,"column":18},"end":{"line":6,"column":27}},"line":6},"1":{"name":"(anonymous_1)","decl":{"start":{"line":11,"column":37},"end":{"line":11,"column":38}},"loc":{"start":{"line":11,"column":60},"end":{"line":19,"column":1}},"line":11}},"branchMap":{},"s":{"0":1,"1":0,"2":1,"3":1,"4":0,"5":0},"f":{"0":0,"1":0},"b":{},"_coverageSchema":"1a1c01bbd47fc00a2c39e90264f33305004495a9","hash":"29d913c0ba9adb897cc964efab02af3631fb2aae"}
,"C:\\Users\\Minnu Murali\\LocationFinder\\src\\context\\reducer.ts": {"path":"C:\\Users\\Minnu Murali\\LocationFinder\\src\\context\\reducer.ts","statementMap":{"0":{"start":{"line":1,"column":36},"end":{"line":1,"column":58}},"1":{"start":{"line":2,"column":36},"end":{"line":2,"column":58}},"2":{"start":{"line":4,"column":30},"end":{"line":14,"column":1}},"3":{"start":{"line":16,"column":23},"end":{"line":29,"column":1}},"4":{"start":{"line":18,"column":4},"end":{"line":28,"column":5}},"5":{"start":{"line":20,"column":12},"end":{"line":20,"column":34}},"6":{"start":{"line":22,"column":12},"end":{"line":25,"column":13}},"7":{"start":{"line":27,"column":12},"end":{"line":27,"column":25}}},"fnMap":{"0":{"name":"(anonymous_0)","decl":{"start":{"line":16,"column":23},"end":{"line":16,"column":24}},"loc":{"start":{"line":16,"column":64},"end":{"line":29,"column":1}},"line":16}},"branchMap":{"0":{"loc":{"start":{"line":16,"column":24},"end":{"line":16,"column":41}},"type":"default-arg","locations":[{"start":{"line":16,"column":32},"end":{"line":16,"column":41}}],"line":16},"1":{"loc":{"start":{"line":18,"column":4},"end":{"line":28,"column":5}},"type":"switch","locations":[{"start":{"line":19,"column":8},"end":{"line":20,"column":34}},{"start":{"line":21,"column":8},"end":{"line":25,"column":13}},{"start":{"line":26,"column":8},"end":{"line":27,"column":25}}],"line":18}},"s":{"0":1,"1":1,"2":1,"3":1,"4":0,"5":0,"6":0,"7":0},"f":{"0":0},"b":{"0":[0],"1":[0,0,0]},"_coverageSchema":"1a1c01bbd47fc00a2c39e90264f33305004495a9","hash":"5cf29d1de21c7aa75579bc8d57d2990b9f4c8799"}
,"C:\\Users\\Minnu Murali\\LocationFinder\\src\\hooks\\appstate.ts": {"path":"C:\\Users\\Minnu Murali\\LocationFinder\\src\\hooks\\appstate.ts","statementMap":{"0":{"start":{"line":5,"column":27},"end":{"line":7,"column":1}},"1":{"start":{"line":6,"column":2},"end":{"line":6,"column":38}},"2":{"start":{"line":9,"column":27},"end":{"line":11,"column":1}},"3":{"start":{"line":10,"column":2},"end":{"line":10,"column":41}}},"fnMap":{"0":{"name":"(anonymous_0)","decl":{"start":{"line":5,"column":27},"end":{"line":5,"column":28}},"loc":{"start":{"line":5,"column":33},"end":{"line":7,"column":1}},"line":5},"1":{"name":"(anonymous_1)","decl":{"start":{"line":9,"column":27},"end":{"line":9,"column":28}},"loc":{"start":{"line":9,"column":33},"end":{"line":11,"column":1}},"line":9}},"branchMap":{},"s":{"0":1,"1":0,"2":1,"3":0},"f":{"0":0,"1":0},"b":{},"_coverageSchema":"1a1c01bbd47fc00a2c39e90264f33305004495a9","hash":"d67c18742ed912cb3feaab045e8bdf01bce78049"}
,"C:\\Users\\Minnu Murali\\LocationFinder\\src\\hooks\\intervals.ts": {"path":"C:\\Users\\Minnu Murali\\LocationFinder\\src\\hooks\\intervals.ts","statementMap":{"0":{"start":{"line":3,"column":16},"end":{"line":3,"column":21}},"1":{"start":{"line":5,"column":27},"end":{"line":15,"column":1}},"2":{"start":{"line":7,"column":4},"end":{"line":14,"column":11}},"3":{"start":{"line":8,"column":8},"end":{"line":8,"column":19}},"4":{"start":{"line":9,"column":24},"end":{"line":11,"column":17}},"5":{"start":{"line":10,"column":12},"end":{"line":10,"column":23}},"6":{"start":{"line":13,"column":8},"end":{"line":13,"column":44}},"7":{"start":{"line":13,"column":21},"end":{"line":13,"column":43}}},"fnMap":{"0":{"name":"(anonymous_0)","decl":{"start":{"line":5,"column":27},"end":{"line":5,"column":28}},"loc":{"start":{"line":5,"column":70},"end":{"line":15,"column":1}},"line":5},"1":{"name":"(anonymous_1)","decl":{"start":{"line":7,"column":14},"end":{"line":7,"column":15}},"loc":{"start":{"line":7,"column":20},"end":{"line":14,"column":5}},"line":7},"2":{"name":"(anonymous_2)","decl":{"start":{"line":9,"column":36},"end":{"line":9,"column":37}},"loc":{"start":{"line":9,"column":42},"end":{"line":11,"column":9}},"line":9},"3":{"name":"(anonymous_3)","decl":{"start":{"line":13,"column":15},"end":{"line":13,"column":16}},"loc":{"start":{"line":13,"column":21},"end":{"line":13,"column":43}},"line":13}},"branchMap":{"0":{"loc":{"start":{"line":5,"column":50},"end":{"line":5,"column":65}},"type":"default-arg","locations":[{"start":{"line":5,"column":58},"end":{"line":5,"column":65}}],"line":5}},"s":{"0":1,"1":1,"2":0,"3":0,"4":0,"5":0,"6":0,"7":0},"f":{"0":0,"1":0,"2":0,"3":0},"b":{"0":[0]},"_coverageSchema":"1a1c01bbd47fc00a2c39e90264f33305004495a9","hash":"ebeb1fdebae5b5ce9bb62069e3cbd20e4b238e8e"}
,"C:\\Users\\Minnu Murali\\LocationFinder\\src\\screens\\Home.tsx": {"path":"C:\\Users\\Minnu Murali\\LocationFinder\\src\\screens\\Home.tsx","statementMap":{"0":{"start":{"line":12,"column":23},"end":{"line":93,"column":1}},"1":{"start":{"line":13,"column":16},"end":{"line":13,"column":29}},"2":{"start":{"line":14,"column":19},"end":{"line":14,"column":32}},"3":{"start":{"line":15,"column":19},"end":{"line":15,"column":37}},"4":{"start":{"line":17,"column":30},"end":{"line":51,"column":3}},"5":{"start":{"line":18,"column":17},"end":{"line":18,"column":36}},"6":{"start":{"line":19,"column":4},"end":{"line":50,"column":5}},"7":{"start":{"line":20,"column":21},"end":{"line":23,"column":7}},"8":{"start":{"line":24,"column":30},"end":{"line":27,"column":7}},"9":{"start":{"line":28,"column":6},"end":{"line":48,"column":7}},"10":{"start":{"line":29,"column":27},"end":{"line":29,"column":68}},"11":{"start":{"line":30,"column":8},"end":{"line":46,"column":10}},"12":{"start":{"line":31,"column":29},"end":{"line":34,"column":11}},"13":{"start":{"line":35,"column":10},"end":{"line":45,"column":13}},"14":{"start":{"line":53,"column":21},"end":{"line":61,"column":3}},"15":{"start":{"line":54,"column":23},"end":{"line":56,"column":5}},"16":{"start":{"line":55,"column":28},"end":{"line":55,"column":41}},"17":{"start":{"line":57,"column":4},"end":{"line":60,"column":7}},"18":{"start":{"line":63,"column":19},"end":{"line":68,"column":3}},"19":{"start":{"line":64,"column":4},"end":{"line":67,"column":7}},"20":{"start":{"line":70,"column":2},"end":{"line":72,"column":5}},"21":{"start":{"line":71,"column":4},"end":{"line":71,"column":26}},"22":{"start":{"line":74,"column":2},"end":{"line":76,"column":49}},"23":{"start":{"line":75,"column":4},"end":{"line":75,"column":29}},"24":{"start":{"line":78,"column":2},"end":{"line":92,"column":4}},"25":{"start":{"line":95,"column":15},"end":{"line":129,"column":2}}},"fnMap":{"0":{"name":"(anonymous_0)","decl":{"start":{"line":12,"column":23},"end":{"line":12,"column":24}},"loc":{"start":{"line":12,"column":29},"end":{"line":93,"column":1}},"line":12},"1":{"name":"(anonymous_1)","decl":{"start":{"line":17,"column":30},"end":{"line":17,"column":31}},"loc":{"start":{"line":17,"column":42},"end":{"line":51,"column":3}},"line":17},"2":{"name":"(anonymous_2)","decl":{"start":{"line":53,"column":21},"end":{"line":53,"column":22}},"loc":{"start":{"line":53,"column":40},"end":{"line":61,"column":3}},"line":53},"3":{"name":"(anonymous_3)","decl":{"start":{"line":55,"column":6},"end":{"line":55,"column":7}},"loc":{"start":{"line":55,"column":28},"end":{"line":55,"column":41}},"line":55},"4":{"name":"(anonymous_4)","decl":{"start":{"line":63,"column":19},"end":{"line":63,"column":20}},"loc":{"start":{"line":63,"column":25},"end":{"line":68,"column":3}},"line":63},"5":{"name":"(anonymous_5)","decl":{"start":{"line":70,"column":14},"end":{"line":70,"column":15}},"loc":{"start":{"line":70,"column":20},"end":{"line":72,"column":3}},"line":70},"6":{"name":"(anonymous_6)","decl":{"start":{"line":74,"column":12},"end":{"line":74,"column":13}},"loc":{"start":{"line":74,"column":18},"end":{"line":76,"column":3}},"line":74}},"branchMap":{"0":{"loc":{"start":{"line":19,"column":4},"end":{"line":50,"column":5}},"type":"if","locations":[{"start":{"line":19,"column":4},"end":{"line":50,"column":5}},{"start":{},"end":{}}],"line":19},"1":{"loc":{"start":{"line":28,"column":6},"end":{"line":48,"column":7}},"type":"if","locations":[{"start":{"line":28,"column":6},"end":{"line":48,"column":7}},{"start":{},"end":{}}],"line":28},"2":{"loc":{"start":{"line":30,"column":8},"end":{"line":46,"column":10}},"type":"if","locations":[{"start":{"line":30,"column":8},"end":{"line":46,"column":10}},{"start":{},"end":{}}],"line":30}},"s":{"0":1,"1":0,"2":0,"3":0,"4":0,"5":0,"6":0,"7":0,"8":0,"9":0,"10":0,"11":0,"12":0,"13":0,"14":0,"15":0,"16":0,"17":0,"18":0,"19":0,"20":0,"21":0,"22":0,"23":0,"24":0,"25":1},"f":{"0":0,"1":0,"2":0,"3":0,"4":0,"5":0,"6":0},"b":{"0":[0,0],"1":[0,0],"2":[0,0]},"_coverageSchema":"1a1c01bbd47fc00a2c39e90264f33305004495a9","hash":"89119913faa889d4360422c352ebf63868e69663"}
,"C:\\Users\\Minnu Murali\\LocationFinder\\src\\utiles\\Api.ts": {"path":"C:\\Users\\Minnu Murali\\LocationFinder\\src\\utiles\\Api.ts","statementMap":{"0":{"start":{"line":3,"column":31},"end":{"line":3,"column":65}},"1":{"start":{"line":5,"column":20},"end":{"line":7,"column":2}}},"fnMap":{},"branchMap":{},"s":{"0":1,"1":1},"f":{},"b":{},"_coverageSchema":"1a1c01bbd47fc00a2c39e90264f33305004495a9","hash":"7ce3883a303bc5c1cc588b52a9bb094a820aa069"}
,"C:\\Users\\Minnu Murali\\LocationFinder\\src\\utiles\\Location.ts": {"path":"C:\\Users\\Minnu Murali\\LocationFinder\\src\\utiles\\Location.ts","statementMap":{"0":{"start":{"line":3,"column":14},"end":{"line":3,"column":16}},"1":{"start":{"line":5,"column":27},"end":{"line":14,"column":1}},"2":{"start":{"line":6,"column":4},"end":{"line":12,"column":21}},"3":{"start":{"line":7,"column":27},"end":{"line":7,"column":72}},"4":{"start":{"line":8,"column":8},"end":{"line":11,"column":9}},"5":{"start":{"line":9,"column":25},"end":{"line":9,"column":62}},"6":{"start":{"line":10,"column":12},"end":{"line":10,"column":24}},"7":{"start":{"line":13,"column":4},"end":{"line":13,"column":16}},"8":{"start":{"line":16,"column":37},"end":{"line":26,"column":1}},"9":{"start":{"line":18,"column":23},"end":{"line":20,"column":15}},"10":{"start":{"line":22,"column":4},"end":{"line":24,"column":5}},"11":{"start":{"line":23,"column":8},"end":{"line":23,"column":25}},"12":{"start":{"line":25,"column":4},"end":{"line":25,"column":22}}},"fnMap":{"0":{"name":"(anonymous_0)","decl":{"start":{"line":5,"column":27},"end":{"line":5,"column":28}},"loc":{"start":{"line":5,"column":75},"end":{"line":14,"column":1}},"line":5},"1":{"name":"(anonymous_1)","decl":{"start":{"line":16,"column":37},"end":{"line":16,"column":38}},"loc":{"start":{"line":16,"column":78},"end":{"line":26,"column":1}},"line":16}},"branchMap":{"0":{"loc":{"start":{"line":8,"column":8},"end":{"line":11,"column":9}},"type":"if","locations":[{"start":{"line":8,"column":8},"end":{"line":11,"column":9}},{"start":{},"end":{}}],"line":8},"1":{"loc":{"start":{"line":18,"column":23},"end":{"line":20,"column":15}},"type":"cond-expr","locations":[{"start":{"line":19,"column":8},"end":{"line":19,"column":29}},{"start":{"line":20,"column":8},"end":{"line":20,"column":15}}],"line":18},"2":{"loc":{"start":{"line":22,"column":4},"end":{"line":24,"column":5}},"type":"if","locations":[{"start":{"line":22,"column":4},"end":{"line":24,"column":5}},{"start":{},"end":{}}],"line":22}},"s":{"0":1,"1":1,"2":0,"3":0,"4":0,"5":0,"6":0,"7":0,"8":1,"9":0,"10":0,"11":0,"12":0},"f":{"0":0,"1":0},"b":{"0":[0,0],"1":[0,0],"2":[0,0]},"_coverageSchema":"1a1c01bbd47fc00a2c39e90264f33305004495a9","hash":"b2edd77bc29ca426d4761835a2f37ff727d5fc9b"}
}
